Mon Mar 07 15:19:07 CET 2016 : Apache Derby Serveur réseau - 10.8.3.2 - (1557835) démarré et prêt à accepter les connexions sur le port 1527
----------------------------------------------------------------
Mon Mar 07 15:19:07 CET 2016:
Amorçage de Derby version The Apache Software Foundation - Apache Derby - 10.8.3.2 - (1557835) : instance a816c00e-0153-5172-223e-000006a39e0c 
dans le répertoire de base de données C:\Users\jliermann\Gustatif\GustatifB3130  avec le chargeur de classe sun.misc.Launcher$AppClassLoader@6f2192a9

java.vendor=Oracle Corporation
java.runtime.version=1.7.0_71-b14
user.dir=C:\Program Files\Java\jdk1.7.0_71\db
os.name=Windows 7
os.arch=amd64
os.version=6.1
derby.system.home=C:\Users\jliermann\Gustatif
Chargeur de classe de la base de données démarré - derby.database.classpath=''
----------------------------------------------------------------
Mon Mar 07 15:19:11 CET 2016:
Fermeture de l'instance a816c00e-0153-5172-223e-000006a39e0c sur le répertoire de base de données C:\Users\jliermann\Gustatif\GustatifB3130 avec le chargeur de classe sun.misc.Launcher$AppClassLoader@6f2192a9
Mon Mar 07 15:19:11 CET 2016 Thread[DRDAConnThread_4,5,main] (DATABASE = GustatifB3130), (DRDAID = {2}), Arrêt de la base de données 'GustatifB3130'.
----------------------------------------------------------------
Mon Mar 07 15:19:46 CET 2016:
Amorçage de Derby version The Apache Software Foundation - Apache Derby - 10.8.3.2 - (1557835) : instance 6c44409f-0153-5172-223e-000006a39e0c 
dans le répertoire de base de données C:\Users\jliermann\Gustatif\GustatifB3130  avec le chargeur de classe sun.misc.Launcher$AppClassLoader@6f2192a9

java.vendor=Oracle Corporation
java.runtime.version=1.7.0_71-b14
user.dir=C:\Program Files\Java\jdk1.7.0_71\db
os.name=Windows 7
os.arch=amd64
os.version=6.1
derby.system.home=C:\Users\jliermann\Gustatif
Chargeur de classe de la base de données démarré - derby.database.classpath=''
